{"/Users/ziye/HR/SEI/project-catwalk/client/src/App.jsx": {"path":"/Users/ziye/HR/SEI/project-catwalk/client/src/App.jsx","statementMap":{"0":{"start":{"line":13,"column":4},"end":{"line":13,"column":17}},"1":{"start":{"line":14,"column":4},"end":{"line":16,"column":5}},"2":{"start":{"line":17,"column":4},"end":{"line":17,"column":67}},"3":{"start":{"line":21,"column":4},"end":{"line":21,"column":37}},"4":{"start":{"line":27,"column":4},"end":{"line":32,"column":11}}},"fnMap":{"0":{"name":"(anonymous_0)","decl":{"start":{"line":12,"column":2},"end":{"line":12,"column":3}},"loc":{"start":{"line":12,"column":21},"end":{"line":18,"column":3}},"line":12},"1":{"name":"(anonymous_1)","decl":{"start":{"line":20,"column":2},"end":{"line":20,"column":3}},"loc":{"start":{"line":20,"column":26},"end":{"line":22,"column":3}},"line":20},"2":{"name":"(anonymous_2)","decl":{"start":{"line":24,"column":2},"end":{"line":24,"column":3}},"loc":{"start":{"line":24,"column":12},"end":{"line":33,"column":3}},"line":24}},"branchMap":{},"s":{"0":4,"1":4,"2":4,"3":0,"4":4},"f":{"0":4,"1":0,"2":4},"b":{},"_coverageSchema":"1a1c01bbd47fc00a2c39e90264f33305004495a9","hash":"b5d984b032f92df4698ebeef3a10bb1e440c6239"}
,"/Users/ziye/HR/SEI/project-catwalk/client/src/components/R&R/MoreReviews.jsx": {"path":"/Users/ziye/HR/SEI/project-catwalk/client/src/components/R&R/MoreReviews.jsx","statementMap":{"0":{"start":{"line":9,"column":20},"end":{"line":18,"column":1}},"1":{"start":{"line":11,"column":2},"end":{"line":17,"column":3}},"2":{"start":{"line":12,"column":4},"end":{"line":14,"column":5}},"3":{"start":{"line":16,"column":4},"end":{"line":16,"column":16}}},"fnMap":{"0":{"name":"(anonymous_0)","decl":{"start":{"line":9,"column":20},"end":{"line":9,"column":21}},"loc":{"start":{"line":9,"column":61},"end":{"line":18,"column":1}},"line":9}},"branchMap":{"0":{"loc":{"start":{"line":11,"column":2},"end":{"line":17,"column":3}},"type":"if","locations":[{"start":{"line":11,"column":2},"end":{"line":17,"column":3}},{"start":{"line":15,"column":9},"end":{"line":17,"column":3}}],"line":11}},"s":{"0":1,"1":0,"2":0,"3":0},"f":{"0":0},"b":{"0":[0,0]},"_coverageSchema":"1a1c01bbd47fc00a2c39e90264f33305004495a9","hash":"08ecdbcb625dbcc9d9d5f242d3e0e5871c5e32dc"}
,"/Users/ziye/HR/SEI/project-catwalk/client/src/components/R&R/NewReview.jsx": {"path":"/Users/ziye/HR/SEI/project-catwalk/client/src/components/R&R/NewReview.jsx","statementMap":{"0":{"start":{"line":12,"column":4},"end":{"line":12,"column":17}},"1":{"start":{"line":13,"column":4},"end":{"line":15,"column":5}},"2":{"start":{"line":16,"column":4},"end":{"line":16,"column":51}},"3":{"start":{"line":20,"column":4},"end":{"line":22,"column":6}},"4":{"start":{"line":30,"column":4},"end":{"line":42,"column":5}},"5":{"start":{"line":31,"column":6},"end":{"line":37,"column":16}},"6":{"start":{"line":39,"column":8},"end":{"line":41,"column":15}},"7":{"start":{"line":47,"column":22},"end":{"line":51,"column":3}}},"fnMap":{"0":{"name":"(anonymous_0)","decl":{"start":{"line":11,"column":2},"end":{"line":11,"column":3}},"loc":{"start":{"line":11,"column":21},"end":{"line":17,"column":3}},"line":11},"1":{"name":"(anonymous_1)","decl":{"start":{"line":19,"column":2},"end":{"line":19,"column":3}},"loc":{"start":{"line":19,"column":16},"end":{"line":23,"column":3}},"line":19},"2":{"name":"(anonymous_2)","decl":{"start":{"line":29,"column":2},"end":{"line":29,"column":3}},"loc":{"start":{"line":29,"column":12},"end":{"line":44,"column":3}},"line":29}},"branchMap":{"0":{"loc":{"start":{"line":30,"column":4},"end":{"line":42,"column":5}},"type":"if","locations":[{"start":{"line":30,"column":4},"end":{"line":42,"column":5}},{"start":{"line":38,"column":11},"end":{"line":42,"column":5}}],"line":30}},"s":{"0":0,"1":0,"2":0,"3":0,"4":0,"5":0,"6":0,"7":1},"f":{"0":0,"1":0,"2":0},"b":{"0":[0,0]},"_coverageSchema":"1a1c01bbd47fc00a2c39e90264f33305004495a9","hash":"526261043ecf8ae5d42a33093af0709050e6684f"}
,"/Users/ziye/HR/SEI/project-catwalk/client/src/components/R&R/Overview.jsx": {"path":"/Users/ziye/HR/SEI/project-catwalk/client/src/components/R&R/Overview.jsx","statementMap":{"0":{"start":{"line":14,"column":4},"end":{"line":14,"column":17}},"1":{"start":{"line":15,"column":4},"end":{"line":19,"column":5}},"2":{"start":{"line":20,"column":4},"end":{"line":20,"column":49}},"3":{"start":{"line":21,"column":4},"end":{"line":21,"column":57}},"4":{"start":{"line":22,"column":4},"end":{"line":22,"column":55}},"5":{"start":{"line":26,"column":4},"end":{"line":26,"column":22}},"6":{"start":{"line":27,"column":4},"end":{"line":27,"column":26}},"7":{"start":{"line":31,"column":4},"end":{"line":34,"column":5}},"8":{"start":{"line":32,"column":6},"end":{"line":32,"column":24}},"9":{"start":{"line":33,"column":6},"end":{"line":33,"column":28}},"10":{"start":{"line":38,"column":4},"end":{"line":43,"column":6}},"11":{"start":{"line":39,"column":6},"end":{"line":39,"column":60}},"12":{"start":{"line":40,"column":6},"end":{"line":42,"column":9}},"13":{"start":{"line":41,"column":8},"end":{"line":41,"column":74}},"14":{"start":{"line":47,"column":4},"end":{"line":52,"column":6}},"15":{"start":{"line":48,"column":6},"end":{"line":48,"column":56}},"16":{"start":{"line":49,"column":6},"end":{"line":51,"column":9}},"17":{"start":{"line":50,"column":8},"end":{"line":50,"column":80}},"18":{"start":{"line":63,"column":4},"end":{"line":68,"column":11}},"19":{"start":{"line":72,"column":22},"end":{"line":76,"column":3}}},"fnMap":{"0":{"name":"(anonymous_0)","decl":{"start":{"line":13,"column":2},"end":{"line":13,"column":3}},"loc":{"start":{"line":13,"column":21},"end":{"line":23,"column":3}},"line":13},"1":{"name":"(anonymous_1)","decl":{"start":{"line":25,"column":2},"end":{"line":25,"column":3}},"loc":{"start":{"line":25,"column":22},"end":{"line":28,"column":3}},"line":25},"2":{"name":"(anonymous_2)","decl":{"start":{"line":30,"column":2},"end":{"line":30,"column":3}},"loc":{"start":{"line":30,"column":32},"end":{"line":35,"column":3}},"line":30},"3":{"name":"(anonymous_3)","decl":{"start":{"line":37,"column":2},"end":{"line":37,"column":3}},"loc":{"start":{"line":37,"column":15},"end":{"line":44,"column":3}},"line":37},"4":{"name":"(anonymous_4)","decl":{"start":{"line":38,"column":39},"end":{"line":38,"column":40}},"loc":{"start":{"line":38,"column":57},"end":{"line":43,"column":5}},"line":38},"5":{"name":"(anonymous_5)","decl":{"start":{"line":40,"column":51},"end":{"line":40,"column":52}},"loc":{"start":{"line":40,"column":57},"end":{"line":42,"column":7}},"line":40},"6":{"name":"(anonymous_6)","decl":{"start":{"line":46,"column":2},"end":{"line":46,"column":3}},"loc":{"start":{"line":46,"column":19},"end":{"line":53,"column":3}},"line":46},"7":{"name":"(anonymous_7)","decl":{"start":{"line":47,"column":43},"end":{"line":47,"column":44}},"loc":{"start":{"line":47,"column":61},"end":{"line":52,"column":5}},"line":47},"8":{"name":"(anonymous_8)","decl":{"start":{"line":49,"column":55},"end":{"line":49,"column":56}},"loc":{"start":{"line":49,"column":61},"end":{"line":51,"column":7}},"line":49},"9":{"name":"(anonymous_9)","decl":{"start":{"line":55,"column":2},"end":{"line":55,"column":3}},"loc":{"start":{"line":55,"column":22},"end":{"line":57,"column":3}},"line":55},"10":{"name":"(anonymous_10)","decl":{"start":{"line":62,"column":2},"end":{"line":62,"column":3}},"loc":{"start":{"line":62,"column":12},"end":{"line":69,"column":3}},"line":62}},"branchMap":{"0":{"loc":{"start":{"line":31,"column":4},"end":{"line":34,"column":5}},"type":"if","locations":[{"start":{"line":31,"column":4},"end":{"line":34,"column":5}},{"start":{},"end":{}}],"line":31}},"s":{"0":0,"1":0,"2":0,"3":0,"4":0,"5":0,"6":0,"7":0,"8":0,"9":0,"10":0,"11":0,"12":0,"13":0,"14":0,"15":0,"16":0,"17":0,"18":0,"19":1},"f":{"0":0,"1":0,"2":0,"3":0,"4":0,"5":0,"6":0,"7":0,"8":0,"9":0,"10":0},"b":{"0":[0,0]},"_coverageSchema":"1a1c01bbd47fc00a2c39e90264f33305004495a9","hash":"1f537ebe2225cd67ce9d73337cc20c4a979174d6"}
,"/Users/ziye/HR/SEI/project-catwalk/client/src/components/R&R/Ratings.jsx": {"path":"/Users/ziye/HR/SEI/project-catwalk/client/src/components/R&R/Ratings.jsx","statementMap":{"0":{"start":{"line":6,"column":16},"end":{"line":49,"column":1}},"1":{"start":{"line":8,"column":50},"end":{"line":8,"column":65}},"2":{"start":{"line":10,"column":2},"end":{"line":10,"column":38}},"3":{"start":{"line":12,"column":27},"end":{"line":20,"column":3}},"4":{"start":{"line":13,"column":16},"end":{"line":13,"column":17}},"5":{"start":{"line":14,"column":16},"end":{"line":14,"column":17}},"6":{"start":{"line":15,"column":4},"end":{"line":18,"column":5}},"7":{"start":{"line":16,"column":6},"end":{"line":16,"column":50}},"8":{"start":{"line":17,"column":6},"end":{"line":17,"column":36}},"9":{"start":{"line":19,"column":4},"end":{"line":19,"column":38}},"10":{"start":{"line":22,"column":27},"end":{"line":30,"column":3}},"11":{"start":{"line":23,"column":4},"end":{"line":25,"column":5}},"12":{"start":{"line":24,"column":6},"end":{"line":24,"column":15}},"13":{"start":{"line":26,"column":4},"end":{"line":28,"column":5}},"14":{"start":{"line":27,"column":6},"end":{"line":27,"column":17}},"15":{"start":{"line":29,"column":4},"end":{"line":29,"column":113}},"16":{"start":{"line":33,"column":2},"end":{"line":48,"column":3}},"17":{"start":{"line":40,"column":10},"end":{"line":40,"column":75}},"18":{"start":{"line":43,"column":10},"end":{"line":45,"column":11}}},"fnMap":{"0":{"name":"(anonymous_0)","decl":{"start":{"line":6,"column":16},"end":{"line":6,"column":17}},"loc":{"start":{"line":6,"column":41},"end":{"line":49,"column":1}},"line":6},"1":{"name":"(anonymous_1)","decl":{"start":{"line":12,"column":27},"end":{"line":12,"column":28}},"loc":{"start":{"line":12,"column":33},"end":{"line":20,"column":3}},"line":12},"2":{"name":"(anonymous_2)","decl":{"start":{"line":22,"column":27},"end":{"line":22,"column":28}},"loc":{"start":{"line":22,"column":33},"end":{"line":30,"column":3}},"line":22},"3":{"name":"(anonymous_3)","decl":{"start":{"line":39,"column":48},"end":{"line":39,"column":49}},"loc":{"start":{"line":39,"column":60},"end":{"line":40,"column":76}},"line":39},"4":{"name":"(anonymous_4)","decl":{"start":{"line":42,"column":64},"end":{"line":42,"column":65}},"loc":{"start":{"line":42,"column":84},"end":{"line":46,"column":9}},"line":42}},"branchMap":{"0":{"loc":{"start":{"line":23,"column":4},"end":{"line":25,"column":5}},"type":"if","locations":[{"start":{"line":23,"column":4},"end":{"line":25,"column":5}},{"start":{},"end":{}}],"line":23},"1":{"loc":{"start":{"line":26,"column":4},"end":{"line":28,"column":5}},"type":"if","locations":[{"start":{"line":26,"column":4},"end":{"line":28,"column":5}},{"start":{},"end":{}}],"line":26},"2":{"loc":{"start":{"line":37,"column":9},"end":{"line":37,"column":88}},"type":"binary-expr","locations":[{"start":{"line":37,"column":9},"end":{"line":37,"column":20}},{"start":{"line":37,"column":24},"end":{"line":37,"column":88}}],"line":37},"3":{"loc":{"start":{"line":39,"column":9},"end":{"line":40,"column":77}},"type":"binary-expr","locations":[{"start":{"line":39,"column":9},"end":{"line":39,"column":16}},{"start":{"line":39,"column":20},"end":{"line":40,"column":77}}],"line":39},"4":{"loc":{"start":{"line":42,"column":9},"end":{"line":46,"column":10}},"type":"binary-expr","locations":[{"start":{"line":42,"column":9},"end":{"line":42,"column":24}},{"start":{"line":42,"column":28},"end":{"line":46,"column":10}}],"line":42}},"s":{"0":1,"1":0,"2":0,"3":0,"4":0,"5":0,"6":0,"7":0,"8":0,"9":0,"10":0,"11":0,"12":0,"13":0,"14":0,"15":0,"16":0,"17":0,"18":0},"f":{"0":0,"1":0,"2":0,"3":0,"4":0},"b":{"0":[0,0],"1":[0,0],"2":[0,0],"3":[0,0],"4":[0,0]},"_coverageSchema":"1a1c01bbd47fc00a2c39e90264f33305004495a9","hash":"e3ae5806b0415e9dacd10131a0e4de42e5a06d99"}
,"/Users/ziye/HR/SEI/project-catwalk/client/src/components/R&R/ReviewList.jsx": {"path":"/Users/ziye/HR/SEI/project-catwalk/client/src/components/R&R/ReviewList.jsx","statementMap":{"0":{"start":{"line":8,"column":19},"end":{"line":19,"column":1}},"1":{"start":{"line":10,"column":25},"end":{"line":10,"column":61}},"2":{"start":{"line":12,"column":4},"end":{"line":17,"column":5}},"3":{"start":{"line":14,"column":8},"end":{"line":14,"column":47}}},"fnMap":{"0":{"name":"(anonymous_0)","decl":{"start":{"line":8,"column":19},"end":{"line":8,"column":20}},"loc":{"start":{"line":8,"column":45},"end":{"line":19,"column":1}},"line":8},"1":{"name":"(anonymous_1)","decl":{"start":{"line":13,"column":44},"end":{"line":13,"column":45}},"loc":{"start":{"line":14,"column":8},"end":{"line":14,"column":47}},"line":14}},"branchMap":{"0":{"loc":{"start":{"line":10,"column":25},"end":{"line":10,"column":61}},"type":"binary-expr","locations":[{"start":{"line":10,"column":25},"end":{"line":10,"column":32}},{"start":{"line":10,"column":36},"end":{"line":10,"column":61}}],"line":10},"1":{"loc":{"start":{"line":13,"column":7},"end":{"line":15,"column":8}},"type":"binary-expr","locations":[{"start":{"line":13,"column":7},"end":{"line":13,"column":21}},{"start":{"line":13,"column":25},"end":{"line":15,"column":8}}],"line":13}},"s":{"0":1,"1":0,"2":0,"3":0},"f":{"0":0,"1":0},"b":{"0":[0,0],"1":[0,0]},"_coverageSchema":"1a1c01bbd47fc00a2c39e90264f33305004495a9","hash":"840a82ba910f9339e02d58b7c4e39fb435e7f236"}
,"/Users/ziye/HR/SEI/project-catwalk/client/src/components/R&R/ReviewTile.jsx": {"path":"/Users/ziye/HR/SEI/project-catwalk/client/src/components/R&R/ReviewTile.jsx","statementMap":{"0":{"start":{"line":9,"column":19},"end":{"line":31,"column":1}},"1":{"start":{"line":20,"column":2},"end":{"line":29,"column":10}}},"fnMap":{"0":{"name":"(anonymous_0)","decl":{"start":{"line":9,"column":19},"end":{"line":9,"column":20}},"loc":{"start":{"line":9,"column":35},"end":{"line":31,"column":1}},"line":9}},"branchMap":{"0":{"loc":{"start":{"line":28,"column":5},"end":{"line":28,"column":63}},"type":"binary-expr","locations":[{"start":{"line":28,"column":5},"end":{"line":28,"column":21}},{"start":{"line":28,"column":25},"end":{"line":28,"column":63}}],"line":28}},"s":{"0":1,"1":0},"f":{"0":0},"b":{"0":[0,0]},"_coverageSchema":"1a1c01bbd47fc00a2c39e90264f33305004495a9","hash":"35a801c4b5fa7c7ed2d5e827ca53534c107ea877"}
,"/Users/ziye/HR/SEI/project-catwalk/client/src/components/R&R/Reviews.jsx": {"path":"/Users/ziye/HR/SEI/project-catwalk/client/src/components/R&R/Reviews.jsx","statementMap":{"0":{"start":{"line":14,"column":4},"end":{"line":14,"column":17}},"1":{"start":{"line":15,"column":4},"end":{"line":18,"column":5}},"2":{"start":{"line":19,"column":4},"end":{"line":19,"column":59}},"3":{"start":{"line":23,"column":4},"end":{"line":25,"column":5}},"4":{"start":{"line":29,"column":4},"end":{"line":33,"column":5}},"5":{"start":{"line":30,"column":6},"end":{"line":32,"column":7}},"6":{"start":{"line":37,"column":4},"end":{"line":39,"column":6}},"7":{"start":{"line":47,"column":28},"end":{"line":47,"column":38}},"8":{"start":{"line":49,"column":4},"end":{"line":54,"column":11}}},"fnMap":{"0":{"name":"(anonymous_0)","decl":{"start":{"line":13,"column":2},"end":{"line":13,"column":3}},"loc":{"start":{"line":13,"column":21},"end":{"line":20,"column":3}},"line":13},"1":{"name":"(anonymous_1)","decl":{"start":{"line":22,"column":2},"end":{"line":22,"column":3}},"loc":{"start":{"line":22,"column":22},"end":{"line":26,"column":3}},"line":22},"2":{"name":"(anonymous_2)","decl":{"start":{"line":28,"column":2},"end":{"line":28,"column":3}},"loc":{"start":{"line":28,"column":32},"end":{"line":34,"column":3}},"line":28},"3":{"name":"(anonymous_3)","decl":{"start":{"line":36,"column":2},"end":{"line":36,"column":3}},"loc":{"start":{"line":36,"column":20},"end":{"line":40,"column":3}},"line":36},"4":{"name":"(anonymous_4)","decl":{"start":{"line":46,"column":2},"end":{"line":46,"column":3}},"loc":{"start":{"line":46,"column":12},"end":{"line":55,"column":3}},"line":46}},"branchMap":{"0":{"loc":{"start":{"line":29,"column":4},"end":{"line":33,"column":5}},"type":"if","locations":[{"start":{"line":29,"column":4},"end":{"line":33,"column":5}},{"start":{},"end":{}}],"line":29},"1":{"loc":{"start":{"line":50,"column":28},"end":{"line":50,"column":75}},"type":"binary-expr","locations":[{"start":{"line":50,"column":28},"end":{"line":50,"column":46}},{"start":{"line":50,"column":50},"end":{"line":50,"column":75}}],"line":50},"2":{"loc":{"start":{"line":52,"column":28},"end":{"line":52,"column":75}},"type":"binary-expr","locations":[{"start":{"line":52,"column":28},"end":{"line":52,"column":46}},{"start":{"line":52,"column":50},"end":{"line":52,"column":75}}],"line":52}},"s":{"0":0,"1":0,"2":0,"3":0,"4":0,"5":0,"6":0,"7":0,"8":0},"f":{"0":0,"1":0,"2":0,"3":0,"4":0},"b":{"0":[0,0],"1":[0,0],"2":[0,0]},"_coverageSchema":"1a1c01bbd47fc00a2c39e90264f33305004495a9","hash":"95d3e5ba5b49f704222e97a2f529312e84179f8e"}
,"/Users/ziye/HR/SEI/project-catwalk/client/src/components/R&R/ReviewsSort.jsx": {"path":"/Users/ziye/HR/SEI/project-catwalk/client/src/components/R&R/ReviewsSort.jsx","statementMap":{"0":{"start":{"line":10,"column":4},"end":{"line":10,"column":17}},"1":{"start":{"line":11,"column":4},"end":{"line":13,"column":5}},"2":{"start":{"line":14,"column":4},"end":{"line":14,"column":61}},"3":{"start":{"line":21,"column":4},"end":{"line":23,"column":4}},"4":{"start":{"line":22,"column":6},"end":{"line":22,"column":36}},"5":{"start":{"line":30,"column":4},"end":{"line":42,"column":5}}},"fnMap":{"0":{"name":"(anonymous_0)","decl":{"start":{"line":9,"column":2},"end":{"line":9,"column":3}},"loc":{"start":{"line":9,"column":21},"end":{"line":15,"column":3}},"line":9},"1":{"name":"(anonymous_1)","decl":{"start":{"line":17,"column":2},"end":{"line":17,"column":3}},"loc":{"start":{"line":17,"column":22},"end":{"line":19,"column":3}},"line":17},"2":{"name":"(anonymous_2)","decl":{"start":{"line":20,"column":2},"end":{"line":20,"column":3}},"loc":{"start":{"line":20,"column":22},"end":{"line":24,"column":1}},"line":20},"3":{"name":"(anonymous_3)","decl":{"start":{"line":21,"column":44},"end":{"line":21,"column":45}},"loc":{"start":{"line":21,"column":50},"end":{"line":23,"column":3}},"line":21},"4":{"name":"(anonymous_4)","decl":{"start":{"line":28,"column":2},"end":{"line":28,"column":3}},"loc":{"start":{"line":28,"column":12},"end":{"line":43,"column":3}},"line":28}},"branchMap":{},"s":{"0":0,"1":0,"2":0,"3":0,"4":0,"5":0},"f":{"0":0,"1":0,"2":0,"3":0,"4":0},"b":{},"_coverageSchema":"1a1c01bbd47fc00a2c39e90264f33305004495a9","hash":"fb4d2909e9a92dd27911a905f7ec65fa83033a33"}
,"/Users/ziye/HR/SEI/project-catwalk/client/src/components/RI&C/ComparisonModal.jsx": {"path":"/Users/ziye/HR/SEI/project-catwalk/client/src/components/RI&C/ComparisonModal.jsx","statementMap":{"0":{"start":{"line":10,"column":4},"end":{"line":10,"column":17}},"1":{"start":{"line":11,"column":4},"end":{"line":13,"column":6}},"2":{"start":{"line":17,"column":4},"end":{"line":17,"column":29}},"3":{"start":{"line":21,"column":35},"end":{"line":21,"column":61}},"4":{"start":{"line":22,"column":35},"end":{"line":22,"column":61}},"5":{"start":{"line":23,"column":19},"end":{"line":23,"column":21}},"6":{"start":{"line":25,"column":4},"end":{"line":30,"column":6}},"7":{"start":{"line":26,"column":6},"end":{"line":29,"column":7}},"8":{"start":{"line":32,"column":4},"end":{"line":37,"column":6}},"9":{"start":{"line":33,"column":6},"end":{"line":36,"column":7}},"10":{"start":{"line":39,"column":4},"end":{"line":41,"column":6}},"11":{"start":{"line":47,"column":21},"end":{"line":47,"column":40}},"12":{"start":{"line":48,"column":4},"end":{"line":82,"column":6}},"13":{"start":{"line":53,"column":39},"end":{"line":53,"column":63}},"14":{"start":{"line":66,"column":26},"end":{"line":66,"column":79}},"15":{"start":{"line":67,"column":26},"end":{"line":67,"column":79}},"16":{"start":{"line":68,"column":17},"end":{"line":74,"column":18}},"17":{"start":{"line":86,"column":19},"end":{"line":99,"column":1}},"18":{"start":{"line":101,"column":21},"end":{"line":111,"column":1}},"19":{"start":{"line":113,"column":20},"end":{"line":116,"column":1}},"20":{"start":{"line":118,"column":14},"end":{"line":121,"column":1}},"21":{"start":{"line":123,"column":11},"end":{"line":125,"column":1}},"22":{"start":{"line":127,"column":11},"end":{"line":131,"column":1}},"23":{"start":{"line":133,"column":11},"end":{"line":137,"column":1}}},"fnMap":{"0":{"name":"(anonymous_0)","decl":{"start":{"line":9,"column":2},"end":{"line":9,"column":3}},"loc":{"start":{"line":9,"column":21},"end":{"line":14,"column":3}},"line":9},"1":{"name":"(anonymous_1)","decl":{"start":{"line":16,"column":2},"end":{"line":16,"column":3}},"loc":{"start":{"line":16,"column":22},"end":{"line":18,"column":3}},"line":16},"2":{"name":"(anonymous_2)","decl":{"start":{"line":20,"column":2},"end":{"line":20,"column":3}},"loc":{"start":{"line":20,"column":23},"end":{"line":43,"column":3}},"line":20},"3":{"name":"(anonymous_3)","decl":{"start":{"line":25,"column":35},"end":{"line":25,"column":36}},"loc":{"start":{"line":25,"column":45},"end":{"line":30,"column":5}},"line":25},"4":{"name":"(anonymous_4)","decl":{"start":{"line":32,"column":35},"end":{"line":32,"column":36}},"loc":{"start":{"line":32,"column":45},"end":{"line":37,"column":5}},"line":32},"5":{"name":"(anonymous_5)","decl":{"start":{"line":45,"column":2},"end":{"line":45,"column":3}},"loc":{"start":{"line":45,"column":11},"end":{"line":83,"column":3}},"line":45},"6":{"name":"(anonymous_6)","decl":{"start":{"line":53,"column":31},"end":{"line":53,"column":32}},"loc":{"start":{"line":53,"column":37},"end":{"line":53,"column":65}},"line":53},"7":{"name":"(anonymous_7)","decl":{"start":{"line":64,"column":42},"end":{"line":64,"column":43}},"loc":{"start":{"line":64,"column":54},"end":{"line":75,"column":18}},"line":64}},"branchMap":{"0":{"loc":{"start":{"line":66,"column":26},"end":{"line":66,"column":79}},"type":"cond-expr","locations":[{"start":{"line":66,"column":51},"end":{"line":66,"column":73}},{"start":{"line":66,"column":76},"end":{"line":66,"column":79}}],"line":66},"1":{"loc":{"start":{"line":67,"column":26},"end":{"line":67,"column":79}},"type":"cond-expr","locations":[{"start":{"line":67,"column":51},"end":{"line":67,"column":73}},{"start":{"line":67,"column":76},"end":{"line":67,"column":79}}],"line":67}},"s":{"0":1,"1":1,"2":2,"3":2,"4":2,"5":2,"6":2,"7":2,"8":2,"9":2,"10":2,"11":3,"12":3,"13":0,"14":4,"15":4,"16":4,"17":1,"18":1,"19":1,"20":1,"21":1,"22":1,"23":1},"f":{"0":1,"1":2,"2":2,"3":2,"4":2,"5":3,"6":0,"7":4},"b":{"0":[2,2],"1":[2,2]},"_coverageSchema":"1a1c01bbd47fc00a2c39e90264f33305004495a9","hash":"b30b462c63ebeeff0e49a6b718f44cecc6413260"}
,"/Users/ziye/HR/SEI/project-catwalk/client/src/components/RI&C/OutfitList.jsx": {"path":"/Users/ziye/HR/SEI/project-catwalk/client/src/components/RI&C/OutfitList.jsx","statementMap":{"0":{"start":{"line":9,"column":19},"end":{"line":85,"column":1}},"1":{"start":{"line":11,"column":46},"end":{"line":11,"column":88}},"2":{"start":{"line":12,"column":32},"end":{"line":12,"column":56}},"3":{"start":{"line":13,"column":36},"end":{"line":13,"column":47}},"4":{"start":{"line":14,"column":34},"end":{"line":14,"column":49}},"5":{"start":{"line":15,"column":36},"end":{"line":15,"column":50}},"6":{"start":{"line":16,"column":14},"end":{"line":16,"column":22}},"7":{"start":{"line":18,"column":2},"end":{"line":18,"column":34}},"8":{"start":{"line":18,"column":20},"end":{"line":18,"column":31}},"9":{"start":{"line":21,"column":32},"end":{"line":28,"column":3}},"10":{"start":{"line":22,"column":15},"end":{"line":22,"column":22}},"11":{"start":{"line":23,"column":4},"end":{"line":25,"column":5}},"12":{"start":{"line":24,"column":6},"end":{"line":24,"column":33}},"13":{"start":{"line":26,"column":4},"end":{"line":26,"column":20}},"14":{"start":{"line":27,"column":4},"end":{"line":27,"column":30}},"15":{"start":{"line":30,"column":23},"end":{"line":36,"column":3}},"16":{"start":{"line":31,"column":15},"end":{"line":31,"column":29}},"17":{"start":{"line":32,"column":16},"end":{"line":32,"column":32}},"18":{"start":{"line":33,"column":4},"end":{"line":33,"column":25}},"19":{"start":{"line":34,"column":4},"end":{"line":34,"column":20}},"20":{"start":{"line":35,"column":4},"end":{"line":35,"column":30}},"21":{"start":{"line":38,"column":21},"end":{"line":41,"column":3}},"22":{"start":{"line":39,"column":4},"end":{"line":39,"column":44}},"23":{"start":{"line":39,"column":30},"end":{"line":39,"column":43}},"24":{"start":{"line":40,"column":4},"end":{"line":40,"column":15}},"25":{"start":{"line":43,"column":21},"end":{"line":46,"column":3}},"26":{"start":{"line":44,"column":4},"end":{"line":44,"column":44}},"27":{"start":{"line":44,"column":30},"end":{"line":44,"column":43}},"28":{"start":{"line":45,"column":4},"end":{"line":45,"column":15}},"29":{"start":{"line":48,"column":20},"end":{"line":65,"column":3}},"30":{"start":{"line":50,"column":4},"end":{"line":58,"column":5}},"31":{"start":{"line":51,"column":26},"end":{"line":51,"column":49}},"32":{"start":{"line":52,"column":21},"end":{"line":52,"column":62}},"33":{"start":{"line":53,"column":5},"end":{"line":57,"column":6}},"34":{"start":{"line":54,"column":6},"end":{"line":54,"column":25}},"35":{"start":{"line":55,"column":12},"end":{"line":57,"column":6}},"36":{"start":{"line":56,"column":6},"end":{"line":56,"column":24}},"37":{"start":{"line":60,"column":4},"end":{"line":64,"column":5}},"38":{"start":{"line":61,"column":6},"end":{"line":61,"column":23}},"39":{"start":{"line":62,"column":11},"end":{"line":64,"column":5}},"40":{"start":{"line":63,"column":6},"end":{"line":63,"column":24}},"41":{"start":{"line":68,"column":4},"end":{"line":83,"column":5}},"42":{"start":{"line":76,"column":14},"end":{"line":76,"column":107}},"43":{"start":{"line":89,"column":14},"end":{"line":92,"column":1}},"44":{"start":{"line":94,"column":22},"end":{"line":100,"column":1}},"45":{"start":{"line":103,"column":31},"end":{"line":111,"column":1}},"46":{"start":{"line":113,"column":13},"end":{"line":120,"column":1}},"47":{"start":{"line":122,"column":24},"end":{"line":125,"column":1}},"48":{"start":{"line":127,"column":19},"end":{"line":134,"column":1}},"49":{"start":{"line":136,"column":18},"end":{"line":148,"column":1}},"50":{"start":{"line":150,"column":19},"end":{"line":152,"column":1}}},"fnMap":{"0":{"name":"(anonymous_0)","decl":{"start":{"line":9,"column":19},"end":{"line":9,"column":20}},"loc":{"start":{"line":9,"column":30},"end":{"line":85,"column":1}},"line":9},"1":{"name":"(anonymous_1)","decl":{"start":{"line":18,"column":12},"end":{"line":18,"column":13}},"loc":{"start":{"line":18,"column":18},"end":{"line":18,"column":33}},"line":18},"2":{"name":"(anonymous_2)","decl":{"start":{"line":21,"column":32},"end":{"line":21,"column":33}},"loc":{"start":{"line":21,"column":38},"end":{"line":28,"column":3}},"line":21},"3":{"name":"(anonymous_3)","decl":{"start":{"line":30,"column":23},"end":{"line":30,"column":24}},"loc":{"start":{"line":30,"column":31},"end":{"line":36,"column":3}},"line":30},"4":{"name":"(anonymous_4)","decl":{"start":{"line":38,"column":21},"end":{"line":38,"column":22}},"loc":{"start":{"line":38,"column":27},"end":{"line":41,"column":3}},"line":38},"5":{"name":"(anonymous_5)","decl":{"start":{"line":39,"column":17},"end":{"line":39,"column":18}},"loc":{"start":{"line":39,"column":30},"end":{"line":39,"column":43}},"line":39},"6":{"name":"(anonymous_6)","decl":{"start":{"line":43,"column":21},"end":{"line":43,"column":22}},"loc":{"start":{"line":43,"column":27},"end":{"line":46,"column":3}},"line":43},"7":{"name":"(anonymous_7)","decl":{"start":{"line":44,"column":17},"end":{"line":44,"column":18}},"loc":{"start":{"line":44,"column":30},"end":{"line":44,"column":43}},"line":44},"8":{"name":"(anonymous_8)","decl":{"start":{"line":48,"column":20},"end":{"line":48,"column":21}},"loc":{"start":{"line":48,"column":26},"end":{"line":65,"column":3}},"line":48},"9":{"name":"(anonymous_9)","decl":{"start":{"line":75,"column":49},"end":{"line":75,"column":50}},"loc":{"start":{"line":75,"column":60},"end":{"line":77,"column":13}},"line":75}},"branchMap":{"0":{"loc":{"start":{"line":23,"column":4},"end":{"line":25,"column":5}},"type":"if","locations":[{"start":{"line":23,"column":4},"end":{"line":25,"column":5}},{"start":{},"end":{}}],"line":23},"1":{"loc":{"start":{"line":50,"column":4},"end":{"line":58,"column":5}},"type":"if","locations":[{"start":{"line":50,"column":4},"end":{"line":58,"column":5}},{"start":{},"end":{}}],"line":50},"2":{"loc":{"start":{"line":53,"column":5},"end":{"line":57,"column":6}},"type":"if","locations":[{"start":{"line":53,"column":5},"end":{"line":57,"column":6}},{"start":{"line":55,"column":12},"end":{"line":57,"column":6}}],"line":53},"3":{"loc":{"start":{"line":55,"column":12},"end":{"line":57,"column":6}},"type":"if","locations":[{"start":{"line":55,"column":12},"end":{"line":57,"column":6}},{"start":{},"end":{}}],"line":55},"4":{"loc":{"start":{"line":60,"column":4},"end":{"line":64,"column":5}},"type":"if","locations":[{"start":{"line":60,"column":4},"end":{"line":64,"column":5}},{"start":{"line":62,"column":11},"end":{"line":64,"column":5}}],"line":60},"5":{"loc":{"start":{"line":62,"column":11},"end":{"line":64,"column":5}},"type":"if","locations":[{"start":{"line":62,"column":11},"end":{"line":64,"column":5}},{"start":{},"end":{}}],"line":62},"6":{"loc":{"start":{"line":72,"column":26},"end":{"line":72,"column":83}},"type":"binary-expr","locations":[{"start":{"line":72,"column":26},"end":{"line":72,"column":34}},{"start":{"line":72,"column":38},"end":{"line":72,"column":83}}],"line":72},"7":{"loc":{"start":{"line":79,"column":26},"end":{"line":79,"column":86}},"type":"binary-expr","locations":[{"start":{"line":79,"column":26},"end":{"line":79,"column":35}},{"start":{"line":79,"column":39},"end":{"line":79,"column":86}}],"line":79}},"s":{"0":1,"1":4,"2":4,"3":4,"4":4,"5":4,"6":4,"7":4,"8":4,"9":4,"10":0,"11":0,"12":0,"13":0,"14":0,"15":4,"16":0,"17":0,"18":0,"19":0,"20":0,"21":4,"22":0,"23":0,"24":0,"25":4,"26":0,"27":0,"28":0,"29":4,"30":4,"31":4,"32":4,"33":4,"34":0,"35":4,"36":4,"37":4,"38":0,"39":4,"40":4,"41":4,"42":0,"43":1,"44":1,"45":1,"46":1,"47":1,"48":1,"49":1,"50":1},"f":{"0":4,"1":4,"2":0,"3":0,"4":0,"5":0,"6":0,"7":0,"8":4,"9":0},"b":{"0":[0,0],"1":[4,0],"2":[0,4],"3":[4,0],"4":[0,4],"5":[4,0],"6":[4,0],"7":[4,4]},"_coverageSchema":"1a1c01bbd47fc00a2c39e90264f33305004495a9","hash":"acece2c5f72e60b23e6b4eaa791502fb21bfee26"}
,"/Users/ziye/HR/SEI/project-catwalk/client/src/components/RI&C/ProductCard.jsx": {"path":"/Users/ziye/HR/SEI/project-catwalk/client/src/components/RI&C/ProductCard.jsx","statementMap":{"0":{"start":{"line":11,"column":4},"end":{"line":11,"column":17}},"1":{"start":{"line":12,"column":4},"end":{"line":17,"column":6}},"2":{"start":{"line":19,"column":4},"end":{"line":19,"column":51}},"3":{"start":{"line":23,"column":4},"end":{"line":25,"column":28}},"4":{"start":{"line":31,"column":15},"end":{"line":31,"column":42}},"5":{"start":{"line":32,"column":4},"end":{"line":42,"column":9}},"6":{"start":{"line":36,"column":8},"end":{"line":38,"column":11}},"7":{"start":{"line":41,"column":8},"end":{"line":41,"column":47}},"8":{"start":{"line":46,"column":15},"end":{"line":46,"column":42}},"9":{"start":{"line":47,"column":4},"end":{"line":57,"column":9}},"10":{"start":{"line":51,"column":8},"end":{"line":53,"column":11}},"11":{"start":{"line":56,"column":8},"end":{"line":56,"column":47}},"12":{"start":{"line":61,"column":15},"end":{"line":61,"column":42}},"13":{"start":{"line":62,"column":4},"end":{"line":72,"column":9}},"14":{"start":{"line":66,"column":8},"end":{"line":68,"column":11}},"15":{"start":{"line":71,"column":8},"end":{"line":71,"column":47}},"16":{"start":{"line":79,"column":4},"end":{"line":81,"column":7}},"17":{"start":{"line":88,"column":46},"end":{"line":88,"column":68}},"18":{"start":{"line":89,"column":20},"end":{"line":89,"column":51}},"19":{"start":{"line":90,"column":22},"end":{"line":90,"column":51}},"20":{"start":{"line":91,"column":20},"end":{"line":91,"column":53}},"21":{"start":{"line":93,"column":20},"end":{"line":93,"column":21}},"22":{"start":{"line":94,"column":17},"end":{"line":94,"column":18}},"23":{"start":{"line":95,"column":4},"end":{"line":102,"column":5}},"24":{"start":{"line":96,"column":16},"end":{"line":96,"column":17}},"25":{"start":{"line":97,"column":6},"end":{"line":100,"column":7}},"26":{"start":{"line":98,"column":8},"end":{"line":98,"column":34}},"27":{"start":{"line":99,"column":8},"end":{"line":99,"column":39}},"28":{"start":{"line":101,"column":6},"end":{"line":101,"column":31}},"29":{"start":{"line":104,"column":4},"end":{"line":128,"column":6}},"30":{"start":{"line":113,"column":58},"end":{"line":113,"column":108}},"31":{"start":{"line":115,"column":50},"end":{"line":115,"column":107}},"32":{"start":{"line":133,"column":13},"end":{"line":140,"column":1}},"33":{"start":{"line":142,"column":16},"end":{"line":146,"column":1}},"34":{"start":{"line":148,"column":24},"end":{"line":151,"column":1}},"35":{"start":{"line":153,"column":15},"end":{"line":159,"column":1}},"36":{"start":{"line":162,"column":14},"end":{"line":169,"column":1}},"37":{"start":{"line":166,"column":35},"end":{"line":166,"column":183}},"38":{"start":{"line":171,"column":14},"end":{"line":175,"column":1}}},"fnMap":{"0":{"name":"(anonymous_0)","decl":{"start":{"line":10,"column":2},"end":{"line":10,"column":3}},"loc":{"start":{"line":10,"column":21},"end":{"line":20,"column":3}},"line":10},"1":{"name":"(anonymous_1)","decl":{"start":{"line":22,"column":2},"end":{"line":22,"column":3}},"loc":{"start":{"line":22,"column":22},"end":{"line":26,"column":3}},"line":22},"2":{"name":"(anonymous_2)","decl":{"start":{"line":30,"column":2},"end":{"line":30,"column":3}},"loc":{"start":{"line":30,"column":19},"end":{"line":43,"column":3}},"line":30},"3":{"name":"(anonymous_3)","decl":{"start":{"line":34,"column":12},"end":{"line":34,"column":13}},"loc":{"start":{"line":34,"column":25},"end":{"line":39,"column":7}},"line":34},"4":{"name":"(anonymous_4)","decl":{"start":{"line":40,"column":13},"end":{"line":40,"column":14}},"loc":{"start":{"line":40,"column":22},"end":{"line":42,"column":7}},"line":40},"5":{"name":"(anonymous_5)","decl":{"start":{"line":45,"column":2},"end":{"line":45,"column":3}},"loc":{"start":{"line":45,"column":20},"end":{"line":58,"column":3}},"line":45},"6":{"name":"(anonymous_6)","decl":{"start":{"line":49,"column":12},"end":{"line":49,"column":13}},"loc":{"start":{"line":49,"column":25},"end":{"line":54,"column":7}},"line":49},"7":{"name":"(anonymous_7)","decl":{"start":{"line":55,"column":13},"end":{"line":55,"column":14}},"loc":{"start":{"line":55,"column":22},"end":{"line":57,"column":7}},"line":55},"8":{"name":"(anonymous_8)","decl":{"start":{"line":60,"column":2},"end":{"line":60,"column":3}},"loc":{"start":{"line":60,"column":21},"end":{"line":73,"column":3}},"line":60},"9":{"name":"(anonymous_9)","decl":{"start":{"line":64,"column":12},"end":{"line":64,"column":13}},"loc":{"start":{"line":64,"column":25},"end":{"line":69,"column":7}},"line":64},"10":{"name":"(anonymous_10)","decl":{"start":{"line":70,"column":13},"end":{"line":70,"column":14}},"loc":{"start":{"line":70,"column":22},"end":{"line":72,"column":7}},"line":70},"11":{"name":"(anonymous_11)","decl":{"start":{"line":78,"column":2},"end":{"line":78,"column":3}},"loc":{"start":{"line":78,"column":16},"end":{"line":82,"column":3}},"line":78},"12":{"name":"(anonymous_12)","decl":{"start":{"line":87,"column":2},"end":{"line":87,"column":3}},"loc":{"start":{"line":87,"column":11},"end":{"line":130,"column":3}},"line":87},"13":{"name":"(anonymous_13)","decl":{"start":{"line":113,"column":51},"end":{"line":113,"column":52}},"loc":{"start":{"line":113,"column":57},"end":{"line":113,"column":109}},"line":113},"14":{"name":"(anonymous_14)","decl":{"start":{"line":115,"column":44},"end":{"line":115,"column":45}},"loc":{"start":{"line":115,"column":50},"end":{"line":115,"column":107}},"line":115},"15":{"name":"(anonymous_15)","decl":{"start":{"line":166,"column":26},"end":{"line":166,"column":27}},"loc":{"start":{"line":166,"column":35},"end":{"line":166,"column":183}},"line":166}},"branchMap":{"0":{"loc":{"start":{"line":90,"column":22},"end":{"line":90,"column":51}},"type":"binary-expr","locations":[{"start":{"line":90,"column":22},"end":{"line":90,"column":29}},{"start":{"line":90,"column":33},"end":{"line":90,"column":51}}],"line":90},"1":{"loc":{"start":{"line":95,"column":4},"end":{"line":102,"column":5}},"type":"if","locations":[{"start":{"line":95,"column":4},"end":{"line":102,"column":5}},{"start":{},"end":{}}],"line":95},"2":{"loc":{"start":{"line":106,"column":9},"end":{"line":107,"column":120}},"type":"binary-expr","locations":[{"start":{"line":106,"column":9},"end":{"line":106,"column":29}},{"start":{"line":107,"column":8},"end":{"line":107,"column":120}}],"line":106},"3":{"loc":{"start":{"line":110,"column":22},"end":{"line":110,"column":91}},"type":"binary-expr","locations":[{"start":{"line":110,"column":22},"end":{"line":110,"column":29}},{"start":{"line":110,"column":33},"end":{"line":110,"column":91}}],"line":110},"4":{"loc":{"start":{"line":112,"column":13},"end":{"line":112,"column":75}},"type":"binary-expr","locations":[{"start":{"line":112,"column":13},"end":{"line":112,"column":26}},{"start":{"line":112,"column":30},"end":{"line":112,"column":75}}],"line":112},"5":{"loc":{"start":{"line":113,"column":13},"end":{"line":113,"column":121}},"type":"binary-expr","locations":[{"start":{"line":113,"column":13},"end":{"line":113,"column":30}},{"start":{"line":113,"column":34},"end":{"line":113,"column":121}}],"line":113},"6":{"loc":{"start":{"line":115,"column":11},"end":{"line":115,"column":118}},"type":"binary-expr","locations":[{"start":{"line":115,"column":11},"end":{"line":115,"column":24}},{"start":{"line":115,"column":28},"end":{"line":115,"column":118}}],"line":115},"7":{"loc":{"start":{"line":121,"column":15},"end":{"line":121,"column":64}},"type":"cond-expr","locations":[{"start":{"line":121,"column":27},"end":{"line":121,"column":42}},{"start":{"line":121,"column":45},"end":{"line":121,"column":64}}],"line":121},"8":{"loc":{"start":{"line":122,"column":15},"end":{"line":122,"column":59}},"type":"cond-expr","locations":[{"start":{"line":122,"column":27},"end":{"line":122,"column":54}},{"start":{"line":122,"column":57},"end":{"line":122,"column":59}}],"line":122},"9":{"loc":{"start":{"line":166,"column":35},"end":{"line":166,"column":183}},"type":"binary-expr","locations":[{"start":{"line":166,"column":35},"end":{"line":166,"column":44}},{"start":{"line":166,"column":48},"end":{"line":166,"column":183}}],"line":166}},"s":{"0":1,"1":1,"2":1,"3":2,"4":2,"5":2,"6":0,"7":0,"8":2,"9":2,"10":0,"11":0,"12":2,"13":2,"14":0,"15":0,"16":0,"17":1,"18":1,"19":1,"20":1,"21":1,"22":1,"23":1,"24":0,"25":0,"26":0,"27":0,"28":0,"29":1,"30":0,"31":0,"32":1,"33":1,"34":1,"35":1,"36":1,"37":0,"38":1},"f":{"0":1,"1":2,"2":2,"3":0,"4":0,"5":2,"6":0,"7":0,"8":2,"9":0,"10":0,"11":0,"12":1,"13":0,"14":0,"15":0},"b":{"0":[1,0],"1":[0,1],"2":[1,0],"3":[1,0],"4":[1,0],"5":[1,0],"6":[1,0],"7":[0,1],"8":[0,1],"9":[0,0]},"_coverageSchema":"1a1c01bbd47fc00a2c39e90264f33305004495a9","hash":"f2e4582d39b20f9146f9a7f47fd906ea6f9fed17"}
,"/Users/ziye/HR/SEI/project-catwalk/client/src/components/RI&C/RPList.jsx": {"path":"/Users/ziye/HR/SEI/project-catwalk/client/src/components/RI&C/RPList.jsx","statementMap":{"0":{"start":{"line":10,"column":4},"end":{"line":10,"column":17}},"1":{"start":{"line":11,"column":4},"end":{"line":17,"column":6}},"2":{"start":{"line":18,"column":4},"end":{"line":18,"column":35}},"3":{"start":{"line":19,"column":4},"end":{"line":19,"column":49}},"4":{"start":{"line":20,"column":4},"end":{"line":20,"column":49}},"5":{"start":{"line":21,"column":4},"end":{"line":21,"column":47}},"6":{"start":{"line":25,"column":4},"end":{"line":26,"column":32}},"7":{"start":{"line":30,"column":4},"end":{"line":33,"column":5}},"8":{"start":{"line":31,"column":6},"end":{"line":31,"column":32}},"9":{"start":{"line":32,"column":6},"end":{"line":32,"column":34}},"10":{"start":{"line":37,"column":13},"end":{"line":37,"column":33}},"11":{"start":{"line":38,"column":4},"end":{"line":46,"column":8}},"12":{"start":{"line":40,"column":8},"end":{"line":42,"column":10}},"13":{"start":{"line":45,"column":8},"end":{"line":45,"column":46}},"14":{"start":{"line":50,"column":15},"end":{"line":50,"column":35}},"15":{"start":{"line":51,"column":4},"end":{"line":60,"column":9}},"16":{"start":{"line":54,"column":8},"end":{"line":56,"column":11}},"17":{"start":{"line":59,"column":8},"end":{"line":59,"column":51}},"18":{"start":{"line":64,"column":4},"end":{"line":64,"column":72}},"19":{"start":{"line":68,"column":4},"end":{"line":68,"column":72}},"20":{"start":{"line":74,"column":4},"end":{"line":82,"column":5}},"21":{"start":{"line":75,"column":26},"end":{"line":75,"column":56}},"22":{"start":{"line":76,"column":21},"end":{"line":76,"column":86}},"23":{"start":{"line":77,"column":5},"end":{"line":81,"column":6}},"24":{"start":{"line":78,"column":7},"end":{"line":78,"column":42}},"25":{"start":{"line":79,"column":12},"end":{"line":81,"column":6}},"26":{"start":{"line":80,"column":6},"end":{"line":80,"column":40}},"27":{"start":{"line":84,"column":4},"end":{"line":88,"column":5}},"28":{"start":{"line":85,"column":6},"end":{"line":85,"column":38}},"29":{"start":{"line":86,"column":11},"end":{"line":88,"column":5}},"30":{"start":{"line":87,"column":6},"end":{"line":87,"column":39}},"31":{"start":{"line":94,"column":20},"end":{"line":94,"column":40}},"32":{"start":{"line":95,"column":27},"end":{"line":95,"column":29}},"33":{"start":{"line":96,"column":4},"end":{"line":100,"column":6}},"34":{"start":{"line":97,"column":6},"end":{"line":99,"column":7}},"35":{"start":{"line":98,"column":8},"end":{"line":98,"column":34}},"36":{"start":{"line":101,"column":4},"end":{"line":114,"column":6}},"37":{"start":{"line":108,"column":10},"end":{"line":108,"column":169}},"38":{"start":{"line":118,"column":14},"end":{"line":121,"column":1}},"39":{"start":{"line":123,"column":22},"end":{"line":128,"column":1}},"40":{"start":{"line":131,"column":31},"end":{"line":140,"column":1}},"41":{"start":{"line":142,"column":24},"end":{"line":145,"column":1}},"42":{"start":{"line":147,"column":18},"end":{"line":159,"column":1}},"43":{"start":{"line":161,"column":19},"end":{"line":163,"column":1}}},"fnMap":{"0":{"name":"(anonymous_0)","decl":{"start":{"line":9,"column":2},"end":{"line":9,"column":3}},"loc":{"start":{"line":9,"column":21},"end":{"line":22,"column":3}},"line":9},"1":{"name":"(anonymous_1)","decl":{"start":{"line":24,"column":2},"end":{"line":24,"column":3}},"loc":{"start":{"line":24,"column":22},"end":{"line":27,"column":3}},"line":24},"2":{"name":"(anonymous_2)","decl":{"start":{"line":29,"column":2},"end":{"line":29,"column":3}},"loc":{"start":{"line":29,"column":32},"end":{"line":34,"column":3}},"line":29},"3":{"name":"(anonymous_3)","decl":{"start":{"line":36,"column":2},"end":{"line":36,"column":3}},"loc":{"start":{"line":36,"column":24},"end":{"line":47,"column":3}},"line":36},"4":{"name":"(anonymous_4)","decl":{"start":{"line":39,"column":12},"end":{"line":39,"column":13}},"loc":{"start":{"line":39,"column":25},"end":{"line":43,"column":7}},"line":39},"5":{"name":"(anonymous_5)","decl":{"start":{"line":44,"column":13},"end":{"line":44,"column":14}},"loc":{"start":{"line":44,"column":22},"end":{"line":46,"column":7}},"line":44},"6":{"name":"(anonymous_6)","decl":{"start":{"line":49,"column":2},"end":{"line":49,"column":3}},"loc":{"start":{"line":49,"column":26},"end":{"line":61,"column":3}},"line":49},"7":{"name":"(anonymous_7)","decl":{"start":{"line":53,"column":12},"end":{"line":53,"column":13}},"loc":{"start":{"line":53,"column":25},"end":{"line":57,"column":7}},"line":53},"8":{"name":"(anonymous_8)","decl":{"start":{"line":58,"column":13},"end":{"line":58,"column":14}},"loc":{"start":{"line":58,"column":22},"end":{"line":60,"column":7}},"line":58},"9":{"name":"(anonymous_9)","decl":{"start":{"line":63,"column":2},"end":{"line":63,"column":3}},"loc":{"start":{"line":63,"column":15},"end":{"line":65,"column":3}},"line":63},"10":{"name":"(anonymous_10)","decl":{"start":{"line":67,"column":2},"end":{"line":67,"column":3}},"loc":{"start":{"line":67,"column":15},"end":{"line":69,"column":3}},"line":67},"11":{"name":"(anonymous_11)","decl":{"start":{"line":72,"column":2},"end":{"line":72,"column":3}},"loc":{"start":{"line":72,"column":14},"end":{"line":89,"column":3}},"line":72},"12":{"name":"(anonymous_12)","decl":{"start":{"line":92,"column":2},"end":{"line":92,"column":3}},"loc":{"start":{"line":92,"column":11},"end":{"line":115,"column":3}},"line":92},"13":{"name":"(anonymous_13)","decl":{"start":{"line":96,"column":40},"end":{"line":96,"column":41}},"loc":{"start":{"line":96,"column":48},"end":{"line":100,"column":5}},"line":96},"14":{"name":"(anonymous_14)","decl":{"start":{"line":107,"column":47},"end":{"line":107,"column":48}},"loc":{"start":{"line":107,"column":58},"end":{"line":109,"column":9}},"line":107}},"branchMap":{"0":{"loc":{"start":{"line":30,"column":4},"end":{"line":33,"column":5}},"type":"if","locations":[{"start":{"line":30,"column":4},"end":{"line":33,"column":5}},{"start":{},"end":{}}],"line":30},"1":{"loc":{"start":{"line":74,"column":4},"end":{"line":82,"column":5}},"type":"if","locations":[{"start":{"line":74,"column":4},"end":{"line":82,"column":5}},{"start":{},"end":{}}],"line":74},"2":{"loc":{"start":{"line":77,"column":5},"end":{"line":81,"column":6}},"type":"if","locations":[{"start":{"line":77,"column":5},"end":{"line":81,"column":6}},{"start":{"line":79,"column":12},"end":{"line":81,"column":6}}],"line":77},"3":{"loc":{"start":{"line":79,"column":12},"end":{"line":81,"column":6}},"type":"if","locations":[{"start":{"line":79,"column":12},"end":{"line":81,"column":6}},{"start":{},"end":{}}],"line":79},"4":{"loc":{"start":{"line":84,"column":4},"end":{"line":88,"column":5}},"type":"if","locations":[{"start":{"line":84,"column":4},"end":{"line":88,"column":5}},{"start":{"line":86,"column":11},"end":{"line":88,"column":5}}],"line":84},"5":{"loc":{"start":{"line":86,"column":11},"end":{"line":88,"column":5}},"type":"if","locations":[{"start":{"line":86,"column":11},"end":{"line":88,"column":5}},{"start":{},"end":{}}],"line":86},"6":{"loc":{"start":{"line":97,"column":6},"end":{"line":99,"column":7}},"type":"if","locations":[{"start":{"line":97,"column":6},"end":{"line":99,"column":7}},{"start":{},"end":{}}],"line":97},"7":{"loc":{"start":{"line":105,"column":26},"end":{"line":105,"column":99}},"type":"binary-expr","locations":[{"start":{"line":105,"column":26},"end":{"line":105,"column":45}},{"start":{"line":105,"column":49},"end":{"line":105,"column":99}}],"line":105},"8":{"loc":{"start":{"line":111,"column":26},"end":{"line":111,"column":102}},"type":"binary-expr","locations":[{"start":{"line":111,"column":26},"end":{"line":111,"column":46}},{"start":{"line":111,"column":50},"end":{"line":111,"column":102}}],"line":111}},"s":{"0":5,"1":5,"2":5,"3":5,"4":5,"5":5,"6":5,"7":1,"8":1,"9":1,"10":6,"11":6,"12":0,"13":0,"14":6,"15":6,"16":0,"17":0,"18":0,"19":0,"20":0,"21":0,"22":0,"23":0,"24":0,"25":0,"26":0,"27":0,"28":0,"29":0,"30":0,"31":6,"32":6,"33":6,"34":0,"35":0,"36":6,"37":0,"38":1,"39":1,"40":1,"41":1,"42":1,"43":1},"f":{"0":5,"1":5,"2":1,"3":6,"4":0,"5":0,"6":6,"7":0,"8":0,"9":0,"10":0,"11":0,"12":6,"13":0,"14":0},"b":{"0":[1,0],"1":[0,0],"2":[0,0],"3":[0,0],"4":[0,0],"5":[0,0],"6":[0,0],"7":[6,0],"8":[6,6]},"_coverageSchema":"1a1c01bbd47fc00a2c39e90264f33305004495a9","hash":"ddfad44dc4bca4b70be016131bbd4f759a428cd9"}
,"/Users/ziye/HR/SEI/project-catwalk/client/src/components/Shared/Stars.jsx": {"path":"/Users/ziye/HR/SEI/project-catwalk/client/src/components/Shared/Stars.jsx","statementMap":{"0":{"start":{"line":3,"column":14},"end":{"line":31,"column":1}},"1":{"start":{"line":4,"column":21},"end":{"line":4,"column":37}},"2":{"start":{"line":6,"column":25},"end":{"line":8,"column":3}},"3":{"start":{"line":10,"column":20},"end":{"line":16,"column":3}},"4":{"start":{"line":18,"column":25},"end":{"line":23,"column":3}},"5":{"start":{"line":25,"column":2},"end":{"line":30,"column":3}}},"fnMap":{"0":{"name":"(anonymous_0)","decl":{"start":{"line":3,"column":14},"end":{"line":3,"column":15}},"loc":{"start":{"line":3,"column":28},"end":{"line":31,"column":1}},"line":3}},"branchMap":{},"s":{"0":1,"1":0,"2":0,"3":0,"4":0,"5":0},"f":{"0":0},"b":{},"_coverageSchema":"1a1c01bbd47fc00a2c39e90264f33305004495a9","hash":"2440d82a26f83cdb1415cb0bd969b85c39887b5f"}
,"/Users/ziye/HR/SEI/project-catwalk/client/src/helpers/reviewhandler.js": {"path":"/Users/ziye/HR/SEI/project-catwalk/client/src/helpers/reviewhandler.js","statementMap":{"0":{"start":{"line":1,"column":14},"end":{"line":1,"column":30}},"1":{"start":{"line":6,"column":0},"end":{"line":36,"column":1}},"2":{"start":{"line":8,"column":4},"end":{"line":15,"column":8}},"3":{"start":{"line":10,"column":8},"end":{"line":10,"column":62}},"4":{"start":{"line":11,"column":8},"end":{"line":11,"column":36}},"5":{"start":{"line":14,"column":8},"end":{"line":14,"column":48}},"6":{"start":{"line":19,"column":4},"end":{"line":26,"column":8}},"7":{"start":{"line":21,"column":8},"end":{"line":21,"column":58}},"8":{"start":{"line":22,"column":8},"end":{"line":22,"column":36}},"9":{"start":{"line":25,"column":8},"end":{"line":25,"column":48}}},"fnMap":{"0":{"name":"(anonymous_0)","decl":{"start":{"line":7,"column":7},"end":{"line":7,"column":8}},"loc":{"start":{"line":7,"column":39},"end":{"line":16,"column":3}},"line":7},"1":{"name":"(anonymous_1)","decl":{"start":{"line":9,"column":12},"end":{"line":9,"column":13}},"loc":{"start":{"line":9,"column":30},"end":{"line":12,"column":7}},"line":9},"2":{"name":"(anonymous_2)","decl":{"start":{"line":13,"column":13},"end":{"line":13,"column":14}},"loc":{"start":{"line":13,"column":22},"end":{"line":15,"column":7}},"line":13},"3":{"name":"(anonymous_3)","decl":{"start":{"line":18,"column":11},"end":{"line":18,"column":12}},"loc":{"start":{"line":18,"column":43},"end":{"line":27,"column":3}},"line":18},"4":{"name":"(anonymous_4)","decl":{"start":{"line":20,"column":12},"end":{"line":20,"column":13}},"loc":{"start":{"line":20,"column":30},"end":{"line":23,"column":7}},"line":20},"5":{"name":"(anonymous_5)","decl":{"start":{"line":24,"column":13},"end":{"line":24,"column":14}},"loc":{"start":{"line":24,"column":22},"end":{"line":26,"column":7}},"line":24}},"branchMap":{},"s":{"0":1,"1":1,"2":0,"3":0,"4":0,"5":0,"6":0,"7":0,"8":0,"9":0},"f":{"0":0,"1":0,"2":0,"3":0,"4":0,"5":0},"b":{},"_coverageSchema":"1a1c01bbd47fc00a2c39e90264f33305004495a9","hash":"829ffad9ba1932a9796705bd3000eb3f6b3fe746"}
}
