TN:
SF:client/src/App.jsx
FN:12,(anonymous_0)
FN:20,(anonymous_1)
FN:24,(anonymous_2)
FNF:3
FNH:2
FNDA:4,(anonymous_0)
FNDA:0,(anonymous_1)
FNDA:4,(anonymous_2)
DA:13,4
DA:14,4
DA:17,4
DA:21,0
DA:27,4
LF:5
LH:4
BRF:0
BRH:0
end_of_record
TN:
SF:client/src/components/R&R/MoreReviews.jsx
FN:9,(anonymous_0)
FNF:1
FNH:0
FNDA:0,(anonymous_0)
DA:9,1
DA:11,0
DA:12,0
DA:16,0
LF:4
LH:1
BRDA:11,0,0,0
BRDA:11,0,1,0
BRF:2
BRH:0
end_of_record
TN:
SF:client/src/components/R&R/NewReview.jsx
FN:11,(anonymous_0)
FN:19,(anonymous_1)
FN:29,(anonymous_2)
FNF:3
FNH:0
FNDA:0,(anonymous_0)
FNDA:0,(anonymous_1)
FNDA:0,(anonymous_2)
DA:12,0
DA:13,0
DA:16,0
DA:20,0
DA:30,0
DA:31,0
DA:39,0
DA:47,1
LF:8
LH:1
BRDA:30,0,0,0
BRDA:30,0,1,0
BRF:2
BRH:0
end_of_record
TN:
SF:client/src/components/R&R/Overview.jsx
FN:13,(anonymous_0)
FN:25,(anonymous_1)
FN:30,(anonymous_2)
FN:37,(anonymous_3)
FN:38,(anonymous_4)
FN:40,(anonymous_5)
FN:46,(anonymous_6)
FN:47,(anonymous_7)
FN:49,(anonymous_8)
FN:55,(anonymous_9)
FN:62,(anonymous_10)
FNF:11
FNH:0
FNDA:0,(anonymous_0)
FNDA:0,(anonymous_1)
FNDA:0,(anonymous_2)
FNDA:0,(anonymous_3)
FNDA:0,(anonymous_4)
FNDA:0,(anonymous_5)
FNDA:0,(anonymous_6)
FNDA:0,(anonymous_7)
FNDA:0,(anonymous_8)
FNDA:0,(anonymous_9)
FNDA:0,(anonymous_10)
DA:14,0
DA:15,0
DA:20,0
DA:21,0
DA:22,0
DA:26,0
DA:27,0
DA:31,0
DA:32,0
DA:33,0
DA:38,0
DA:39,0
DA:40,0
DA:41,0
DA:47,0
DA:48,0
DA:49,0
DA:50,0
DA:63,0
DA:72,1
LF:20
LH:1
BRDA:31,0,0,0
BRDA:31,0,1,0
BRF:2
BRH:0
end_of_record
TN:
SF:client/src/components/R&R/Ratings.jsx
FN:6,(anonymous_0)
FN:12,(anonymous_1)
FN:22,(anonymous_2)
FN:39,(anonymous_3)
FN:42,(anonymous_4)
FNF:5
FNH:0
FNDA:0,(anonymous_0)
FNDA:0,(anonymous_1)
FNDA:0,(anonymous_2)
FNDA:0,(anonymous_3)
FNDA:0,(anonymous_4)
DA:6,1
DA:8,0
DA:10,0
DA:12,0
DA:13,0
DA:14,0
DA:15,0
DA:16,0
DA:17,0
DA:19,0
DA:22,0
DA:23,0
DA:24,0
DA:26,0
DA:27,0
DA:29,0
DA:33,0
DA:40,0
DA:43,0
LF:19
LH:1
BRDA:23,0,0,0
BRDA:23,0,1,0
BRDA:26,1,0,0
BRDA:26,1,1,0
BRDA:37,2,0,0
BRDA:37,2,1,0
BRDA:39,3,0,0
BRDA:39,3,1,0
BRDA:42,4,0,0
BRDA:42,4,1,0
BRF:10
BRH:0
end_of_record
TN:
SF:client/src/components/R&R/ReviewList.jsx
FN:8,(anonymous_0)
FN:13,(anonymous_1)
FNF:2
FNH:0
FNDA:0,(anonymous_0)
FNDA:0,(anonymous_1)
DA:8,1
DA:10,0
DA:12,0
DA:14,0
LF:4
LH:1
BRDA:10,0,0,0
BRDA:10,0,1,0
BRDA:13,1,0,0
BRDA:13,1,1,0
BRF:4
BRH:0
end_of_record
TN:
SF:client/src/components/R&R/ReviewTile.jsx
FN:9,(anonymous_0)
FNF:1
FNH:0
FNDA:0,(anonymous_0)
DA:9,1
DA:20,0
LF:2
LH:1
BRDA:28,0,0,0
BRDA:28,0,1,0
BRF:2
BRH:0
end_of_record
TN:
SF:client/src/components/R&R/Reviews.jsx
FN:13,(anonymous_0)
FN:22,(anonymous_1)
FN:28,(anonymous_2)
FN:36,(anonymous_3)
FN:46,(anonymous_4)
FNF:5
FNH:0
FNDA:0,(anonymous_0)
FNDA:0,(anonymous_1)
FNDA:0,(anonymous_2)
FNDA:0,(anonymous_3)
FNDA:0,(anonymous_4)
DA:14,0
DA:15,0
DA:19,0
DA:23,0
DA:29,0
DA:30,0
DA:37,0
DA:47,0
DA:49,0
LF:9
LH:0
BRDA:29,0,0,0
BRDA:29,0,1,0
BRDA:50,1,0,0
BRDA:50,1,1,0
BRDA:52,2,0,0
BRDA:52,2,1,0
BRF:6
BRH:0
end_of_record
TN:
SF:client/src/components/R&R/ReviewsSort.jsx
FN:9,(anonymous_0)
FN:17,(anonymous_1)
FN:20,(anonymous_2)
FN:21,(anonymous_3)
FN:28,(anonymous_4)
FNF:5
FNH:0
FNDA:0,(anonymous_0)
FNDA:0,(anonymous_1)
FNDA:0,(anonymous_2)
FNDA:0,(anonymous_3)
FNDA:0,(anonymous_4)
DA:10,0
DA:11,0
DA:14,0
DA:21,0
DA:22,0
DA:30,0
LF:6
LH:0
BRF:0
BRH:0
end_of_record
TN:
SF:client/src/components/RI&C/ComparisonModal.jsx
FN:9,(anonymous_0)
FN:16,(anonymous_1)
FN:20,(anonymous_2)
FN:25,(anonymous_3)
FN:32,(anonymous_4)
FN:45,(anonymous_5)
FN:53,(anonymous_6)
FN:64,(anonymous_7)
FNF:8
FNH:7
FNDA:1,(anonymous_0)
FNDA:2,(anonymous_1)
FNDA:2,(anonymous_2)
FNDA:2,(anonymous_3)
FNDA:2,(anonymous_4)
FNDA:3,(anonymous_5)
FNDA:0,(anonymous_6)
FNDA:4,(anonymous_7)
DA:10,1
DA:11,1
DA:17,2
DA:21,2
DA:22,2
DA:23,2
DA:25,2
DA:26,2
DA:32,2
DA:33,2
DA:39,2
DA:47,3
DA:48,3
DA:53,0
DA:66,4
DA:67,4
DA:68,4
DA:86,1
DA:101,1
DA:113,1
DA:118,1
DA:123,1
DA:127,1
DA:133,1
LF:24
LH:23
BRDA:66,0,0,2
BRDA:66,0,1,2
BRDA:67,1,0,2
BRDA:67,1,1,2
BRF:4
BRH:4
end_of_record
TN:
SF:client/src/components/RI&C/OutfitList.jsx
FN:9,(anonymous_0)
FN:18,(anonymous_1)
FN:21,(anonymous_2)
FN:30,(anonymous_3)
FN:38,(anonymous_4)
FN:39,(anonymous_5)
FN:43,(anonymous_6)
FN:44,(anonymous_7)
FN:48,(anonymous_8)
FN:75,(anonymous_9)
FNF:10
FNH:3
FNDA:4,(anonymous_0)
FNDA:4,(anonymous_1)
FNDA:0,(anonymous_2)
FNDA:0,(anonymous_3)
FNDA:0,(anonymous_4)
FNDA:0,(anonymous_5)
FNDA:0,(anonymous_6)
FNDA:0,(anonymous_7)
FNDA:4,(anonymous_8)
FNDA:0,(anonymous_9)
DA:9,1
DA:11,4
DA:12,4
DA:13,4
DA:14,4
DA:15,4
DA:16,4
DA:18,4
DA:21,4
DA:22,0
DA:23,0
DA:24,0
DA:26,0
DA:27,0
DA:30,4
DA:31,0
DA:32,0
DA:33,0
DA:34,0
DA:35,0
DA:38,4
DA:39,0
DA:40,0
DA:43,4
DA:44,0
DA:45,0
DA:48,4
DA:50,4
DA:51,4
DA:52,4
DA:53,4
DA:54,0
DA:55,4
DA:56,4
DA:60,4
DA:61,0
DA:62,4
DA:63,4
DA:68,4
DA:76,0
DA:89,1
DA:94,1
DA:103,1
DA:113,1
DA:122,1
DA:127,1
DA:136,1
DA:150,1
LF:48
LH:31
BRDA:23,0,0,0
BRDA:23,0,1,0
BRDA:50,1,0,4
BRDA:50,1,1,0
BRDA:53,2,0,0
BRDA:53,2,1,4
BRDA:55,3,0,4
BRDA:55,3,1,0
BRDA:60,4,0,0
BRDA:60,4,1,4
BRDA:62,5,0,4
BRDA:62,5,1,0
BRDA:72,6,0,4
BRDA:72,6,1,0
BRDA:79,7,0,4
BRDA:79,7,1,4
BRF:16
BRH:8
end_of_record
TN:
SF:client/src/components/RI&C/ProductCard.jsx
FN:10,(anonymous_0)
FN:22,(anonymous_1)
FN:30,(anonymous_2)
FN:34,(anonymous_3)
FN:40,(anonymous_4)
FN:45,(anonymous_5)
FN:49,(anonymous_6)
FN:55,(anonymous_7)
FN:60,(anonymous_8)
FN:64,(anonymous_9)
FN:70,(anonymous_10)
FN:78,(anonymous_11)
FN:87,(anonymous_12)
FN:113,(anonymous_13)
FN:115,(anonymous_14)
FN:166,(anonymous_15)
FNF:16
FNH:6
FNDA:1,(anonymous_0)
FNDA:2,(anonymous_1)
FNDA:2,(anonymous_2)
FNDA:0,(anonymous_3)
FNDA:0,(anonymous_4)
FNDA:2,(anonymous_5)
FNDA:0,(anonymous_6)
FNDA:0,(anonymous_7)
FNDA:2,(anonymous_8)
FNDA:0,(anonymous_9)
FNDA:0,(anonymous_10)
FNDA:0,(anonymous_11)
FNDA:1,(anonymous_12)
FNDA:0,(anonymous_13)
FNDA:0,(anonymous_14)
FNDA:0,(anonymous_15)
DA:11,1
DA:12,1
DA:19,1
DA:23,2
DA:31,2
DA:32,2
DA:36,0
DA:41,0
DA:46,2
DA:47,2
DA:51,0
DA:56,0
DA:61,2
DA:62,2
DA:66,0
DA:71,0
DA:79,0
DA:88,1
DA:89,1
DA:90,1
DA:91,1
DA:93,1
DA:94,1
DA:95,1
DA:96,0
DA:97,0
DA:98,0
DA:99,0
DA:101,0
DA:104,1
DA:113,0
DA:115,0
DA:133,1
DA:142,1
DA:148,1
DA:153,1
DA:162,1
DA:166,0
DA:171,1
LF:39
LH:24
BRDA:90,0,0,1
BRDA:90,0,1,0
BRDA:95,1,0,0
BRDA:95,1,1,1
BRDA:106,2,0,1
BRDA:106,2,1,0
BRDA:110,3,0,1
BRDA:110,3,1,0
BRDA:112,4,0,1
BRDA:112,4,1,0
BRDA:113,5,0,1
BRDA:113,5,1,0
BRDA:115,6,0,1
BRDA:115,6,1,0
BRDA:121,7,0,0
BRDA:121,7,1,1
BRDA:122,8,0,0
BRDA:122,8,1,1
BRDA:166,9,0,0
BRDA:166,9,1,0
BRF:20
BRH:9
end_of_record
TN:
SF:client/src/components/RI&C/RPList.jsx
FN:9,(anonymous_0)
FN:24,(anonymous_1)
FN:29,(anonymous_2)
FN:36,(anonymous_3)
FN:39,(anonymous_4)
FN:44,(anonymous_5)
FN:49,(anonymous_6)
FN:53,(anonymous_7)
FN:58,(anonymous_8)
FN:63,(anonymous_9)
FN:67,(anonymous_10)
FN:72,(anonymous_11)
FN:92,(anonymous_12)
FN:96,(anonymous_13)
FN:107,(anonymous_14)
FNF:15
FNH:6
FNDA:5,(anonymous_0)
FNDA:5,(anonymous_1)
FNDA:1,(anonymous_2)
FNDA:6,(anonymous_3)
FNDA:0,(anonymous_4)
FNDA:0,(anonymous_5)
FNDA:6,(anonymous_6)
FNDA:0,(anonymous_7)
FNDA:0,(anonymous_8)
FNDA:0,(anonymous_9)
FNDA:0,(anonymous_10)
FNDA:0,(anonymous_11)
FNDA:6,(anonymous_12)
FNDA:0,(anonymous_13)
FNDA:0,(anonymous_14)
DA:10,5
DA:11,5
DA:18,5
DA:19,5
DA:20,5
DA:21,5
DA:25,5
DA:30,1
DA:31,1
DA:32,1
DA:37,6
DA:38,6
DA:40,0
DA:45,0
DA:50,6
DA:51,6
DA:54,0
DA:59,0
DA:64,0
DA:68,0
DA:74,0
DA:75,0
DA:76,0
DA:77,0
DA:78,0
DA:79,0
DA:80,0
DA:84,0
DA:85,0
DA:86,0
DA:87,0
DA:94,6
DA:95,6
DA:96,6
DA:97,0
DA:98,0
DA:101,6
DA:108,0
DA:118,1
DA:123,1
DA:131,1
DA:142,1
DA:147,1
DA:161,1
LF:44
LH:24
BRDA:30,0,0,1
BRDA:30,0,1,0
BRDA:74,1,0,0
BRDA:74,1,1,0
BRDA:77,2,0,0
BRDA:77,2,1,0
BRDA:79,3,0,0
BRDA:79,3,1,0
BRDA:84,4,0,0
BRDA:84,4,1,0
BRDA:86,5,0,0
BRDA:86,5,1,0
BRDA:97,6,0,0
BRDA:97,6,1,0
BRDA:105,7,0,6
BRDA:105,7,1,0
BRDA:111,8,0,6
BRDA:111,8,1,6
BRF:18
BRH:4
end_of_record
TN:
SF:client/src/components/Shared/Stars.jsx
FN:3,(anonymous_0)
FNF:1
FNH:0
FNDA:0,(anonymous_0)
DA:3,1
DA:4,0
DA:6,0
DA:10,0
DA:18,0
DA:25,0
LF:6
LH:1
BRF:0
BRH:0
end_of_record
TN:
SF:client/src/helpers/reviewhandler.js
FN:7,(anonymous_0)
FN:9,(anonymous_1)
FN:13,(anonymous_2)
FN:18,(anonymous_3)
FN:20,(anonymous_4)
FN:24,(anonymous_5)
FNF:6
FNH:0
FNDA:0,(anonymous_0)
FNDA:0,(anonymous_1)
FNDA:0,(anonymous_2)
FNDA:0,(anonymous_3)
FNDA:0,(anonymous_4)
FNDA:0,(anonymous_5)
DA:1,1
DA:6,1
DA:8,0
DA:10,0
DA:11,0
DA:14,0
DA:19,0
DA:21,0
DA:22,0
DA:25,0
LF:10
LH:2
BRF:0
BRH:0
end_of_record
